Turbo Assembler	 Version 3.1	    07/23/13 16:49:09	    Page 1
MULDIV.ASM



      1	0000			     DATA SEGMENT
      2	0000  8884			     NUM1 DW 8884H
      3	0002  4444			     NUM2 DW 4444H
      4	0004  12345678			     NUM3 DD 12345678H
      5	0008  ????????			     AM	DD ?
      6	000C  ????????			     AD	DD ?
      7	0010			     DATA ENDS
      8
      9	0000			     CODE SEGMENT
     10					     ASSUME DS:DATA, CS:CODE
     11
     12	0000  B8 0000s		     START:  MOV AX, DATA
     13	0003  8E D8				     MOV DS, AX
     14
     15	0005  A1 0000r				     MOV AX, NUM1
     16	0008  F7 26 0002r			     MUL NUM2
     17	000C  BB 0008r				     LEA BX, AM
     18	000F  89 07				     MOV [BX],AX
     19	0011  89 57 02				     MOV [BX+2],DX
     20
     21	0014  BB 0004r				     LEA BX, NUM3
     22	0017  8B 07				     MOV AX,[BX]
     23	0019  8B 57 02				     MOV DX,[BX+2]
     24	001C  F7 36 0000r			     DIV NUM1
     25	0020  BB 000Cr				     LEA BX, AD
     26	0023  89 07				     MOV [BX],AX
     27	0025  89 57 02				     MOV [BX+2],DX
     28
     29	0028  B4 4C				     MOV AH, 4CH
     30	002A  CD 21				     INT 21H
     31	002C			     CODE ENDS
     32					     END START
Turbo Assembler	 Version 3.1	    07/23/13 16:49:09	    Page 2
Symbol Table




Symbol Name			  Type	 Value

??DATE				  Text	 "07/23/13"
??FILENAME			  Text	 "MULDIV  "
??TIME				  Text	 "16:49:09"
??VERSION			  Number 030A
@CPU				  Text	 0101H
@CURSEG				  Text	 CODE
@FILENAME			  Text	 MULDIV
@WORDSIZE			  Text	 2
AD				  Dword	 DATA:000C
AM				  Dword	 DATA:0008
NUM1				  Word	 DATA:0000
NUM2				  Word	 DATA:0002
NUM3				  Dword	 DATA:0004
START				  Near	 CODE:0000

Groups & Segments		  Bit Size Align  Combine Class

CODE				  16  002C Para	  none
DATA				  16  0010 Para	  none
